<?xml version="1.0" encoding="UTF-8"?>
<testsuite xmlns:xsi="http://www.w3.org/2001/XMLSchema-instance" xsi:noNamespaceSchemaLocation="https://maven.apache.org/surefire/maven-surefire-plugin/xsd/surefire-test-report.xsd" name="dk.dtu.compute.se.pisd.roborally.controller.GameControllerTest" time="0.054" tests="5" errors="0" skipped="0" failures="0">
  <properties>
[...]
</properties>
  <testcase name="fastFwd" classname="dk.dtu.compute.se.pisd.roborally.controller.GameControllerTest" time="0.054"/>
  <testcase name="moveForward" classname="dk.dtu.compute.se.pisd.roborally.controller.GameControllerTest" time="0"/>
  <testcase name="turnRight" classname="dk.dtu.compute.se.pisd.roborally.controller.GameControllerTest" time="0"/>
  <testcase name="moveCurrentPlayerToSpace" classname="dk.dtu.compute.se.pisd.roborally.controller.GameControllerTest" time="0"/>
  <testcase name="turnLeft" classname="dk.dtu.compute.se.pisd.roborally.controller.GameControllerTest" time="0"/>
</testsuite>